<?xml version="1.0" encoding="UTF-8"?>
<!-- Generated by org.testng.reporters.JUnitReportReporter -->
<testsuite skipped="0" hostname="LAPTOP-AITRIMOP" name="org.sample.Suite2" tests="3" failures="0" timestamp="07 Apr 2021 06:14:48 GMT" time="0.004" errors="0">
  <testcase name="tc33" time="0.001" classname="org.sample.Suite2"/>
  <testcase name="tc22" time="0.001" classname="org.sample.Suite2"/>
  <testcase name="tc11" time="0.002" classname="org.sample.Suite2"/>
</testsuite> <!-- org.sample.Suite2 -->
