<?xml version="1.0" encoding="UTF-8"?>
<!-- Generated by org.testng.reporters.JUnitReportReporter -->
<testsuite skipped="0" hostname="LAPTOP-AITRIMOP" name="org.sample.Suite3" tests="3" failures="0" timestamp="07 Apr 2021 06:14:48 GMT" time="0.008" errors="0">
  <testcase name="tc111" time="0.002" classname="org.sample.Suite3"/>
  <testcase name="tc222" time="0.003" classname="org.sample.Suite3"/>
  <testcase name="tc333" time="0.003" classname="org.sample.Suite3"/>
</testsuite> <!-- org.sample.Suite3 -->
