<?xml version="1.0" encoding="UTF-8"?>
<!-- Generated by org.testng.reporters.JUnitReportReporter -->
<testsuite skipped="0" hostname="LAPTOP-AITRIMOP" name="org.sample.Suite1" tests="3" failures="0" timestamp="07 Apr 2021 06:14:48 GMT" time="0.030" errors="0">
  <testcase name="tc3" time="0.001" classname="org.sample.Suite1"/>
  <testcase name="tc1" time="0.026" classname="org.sample.Suite1"/>
  <testcase name="tc2" time="0.003" classname="org.sample.Suite1"/>
</testsuite> <!-- org.sample.Suite1 -->
